<?xml version="1.0" encoding="utf-8"?><testsuites name="pytest tests"><testsuite name="pytest" errors="0" failures="0" skipped="0" tests="21" time="12.242" timestamp="2026-09-23T21:15:30.585344+00:00" hostname="agent-env-cc6ba8b3-480b-45a0-97b4-8087f8cd837b"><testcase classname="tests.test_we2gether_backend.TestRegression" name="test_text_message" time="0.664" /><testcase classname="tests.test_new_features.TestAnniversary" name="test_default_anniversary_returned_via_me" time="0.722" /><testcase classname="tests.test_we2gether_backend.TestRegression" name="test_moods_get_set" time="0.409" /><testcase classname="tests.test_new_features.TestAnniversary" name="test_set_past_anniversary_then_get" time="0.357" /><testcase classname="tests.test_we2gether_backend.TestRegression" name="test_worries_and_comments" time="1.588" /><testcase classname="tests.test_new_features.TestAnniversary" name="test_future_anniversary_rejected" time="0.133" /><testcase classname="tests.test_new_features.TestAnniversary" name="test_bad_format_rejected" time="0.194" /><testcase classname="tests.test_we2gether_backend.TestMediaUpload" name="test_upload_png_image" time="0.993" /><testcase classname="tests.test_we2gether_backend.TestMediaUpload" name="test_upload_animated_gif" time="0.640" /><testcase classname="tests.test_we2gether_backend.TestRegression" name="test_gallery_lists_media" time="0.449" /><testcase classname="tests.test_we2gether_backend.TestMediaUpload" name="test_upload_mp4_video" time="0.567" /><testcase classname="tests.test_new_features.TestTypingIndicator" name="test_no_partner_typing_by_default" time="0.160" /><testcase classname="tests.test_new_features.TestTypingIndicator" name="test_self_typing_not_reflected_to_self" time="0.333" /><testcase classname="tests.test_new_features.TestTypingIndicator" name="test_partner_typing_visible_then_expires" time="7.437" /><testcase classname="tests.test_we2gether_backend.TestCalendarUK" name="test_create_today_and_future_event_list_and_delete" time="0.639" /><testcase classname="tests.test_we2gether_backend.TestCalendarUK" name="test_past_event_rejected" time="0.163" /><testcase classname="tests.test_we2gether_backend.TestCalendarUK" name="test_delete_by_non_author_forbidden" time="1.932" /><testcase classname="tests.test_we2gether_backend.TestReadReceipts" name="test_sent_delivered_read_transitions" time="1.296" /><testcase classname="tests.test_we2gether_backend.TestRegisterPush" name="test_register_push_endpoint_wired" time="0.157" /><testcase classname="tests.test_we2gether_backend.TestCouples" name="test_create_and_me" time="0.138" /><testcase classname="tests.test_we2gether_backend.TestCouples" name="test_create_join_flow" time="0.737" /></testsuite></testsuites>