<?xml version="1.0" encoding="utf-8"?><testsuites name="pytest tests"><testsuite name="pytest" errors="0" failures="0" skipped="0" tests="15" time="3.033" timestamp="2026-09-19T18:16:56.967878+00:00" hostname="agent-env-f6ebdc22-5c33-41e0-a062-86ce8675f979"><testcase classname="tests.test_2gether_flows.TestCouples" name="test_create_returns_code_and_userid" time="0.351" /><testcase classname="tests.test_2gether_flows.TestCouples" name="test_create_requires_name" time="0.165" /><testcase classname="tests.test_2gether_flows.TestCouples" name="test_join_unknown_code_404" time="0.140" /><testcase classname="tests.test_2gether_flows.TestWorries" name="test_create_worry_and_comment" time="1.203" /><testcase classname="tests.test_2gether_flows.TestCouples" name="test_join_full_409" time="0.498" /><testcase classname="tests.test_2gether_flows.TestCouples" name="test_me_requires_header" time="0.129" /><testcase classname="tests.test_2gether_flows.TestWorries" name="test_empty_worry_rejected" time="0.121" /><testcase classname="tests.test_2gether_flows.TestCouples" name="test_me_returns_state" time="0.168" /><testcase classname="tests.test_2gether_flows.TestWorries" name="test_comment_on_unknown_worry_404" time="0.143" /><testcase classname="tests.test_2gether_flows.TestMessages" name="test_send_text_and_list" time="0.411" /><testcase classname="tests.test_2gether_flows.TestRegisterPush" name="test_endpoint_exists_and_validates" time="0.309" /><testcase classname="tests.test_2gether_flows.TestRegisterPush" name="test_server_still_alive_after_push_failure" time="0.139" /><testcase classname="tests.test_2gether_flows.TestMessages" name="test_empty_text_rejected" time="0.124" /><testcase classname="tests.test_2gether_flows.TestMoods" name="test_set_and_get_mood" time="0.821" /><testcase classname="tests.test_2gether_flows.TestHealth" name="test_root" time="0.134" /></testsuite></testsuites>